Removed Pin From Net: NetName=NetC4_2 Pin=U1-5
Removed Pin From Net: NetName=NetC1_1 Pin=U1-7
Removed Pin From Net: NetName=NetR30_2 Pin=U6-2
Removed Pin From Net: NetName=NetC9_1 Pin=U8-7
Removed Pin From Net: NetName=NetC14_2 Pin=U9-5
Change Component Designator: OldDesignator=R? NewDesignator=R1
Added Component: Designator=C1(CAP200)
Added Component: Designator=C2(CAP200)
Added Component: Designator=C3(CAP200)
Added Component: Designator=C4(CAP200)
Added Component: Designator=C5(CAP200)
Added Component: Designator=C6(CAP200)
Added Component: Designator=C7(CAP200)
Added Component: Designator=C8(CAP200)
Added Component: Designator=C9(CAP200)
Added Component: Designator=C10(CAP200)
Added Component: Designator=C11(CAP200)
Added Component: Designator=C12(CAP200)
Added Component: Designator=C13(CAP200)
Added Component: Designator=C14(CAP200)
Added Component: Designator=R2(RES400)
Added Component: Designator=R3(RES400)
Added Component: Designator=R4(RES400)
Added Component: Designator=R5(RES400)
Added Component: Designator=R6(RES400)
Added Component: Designator=R7(RES400)
Added Component: Designator=R8(RES400)
Added Component: Designator=R9(RES400)
Added Component: Designator=R10(RES400)
Added Component: Designator=R11(RES400)
Added Component: Designator=R12(RES400)
Added Component: Designator=R13(RES400)
Added Component: Designator=R14(RES400)
Added Component: Designator=R15(RES400)
Added Component: Designator=R16(RES400)
Added Component: Designator=R17(RES400)
Added Component: Designator=R18(RES400)
Added Component: Designator=R19(RES400)
Added Component: Designator=R20(RES400)
Added Component: Designator=R21(RES400)
Added Component: Designator=R22(RES400)
Added Component: Designator=R23(RES400)
Added Component: Designator=R24(RES400)
Added Component: Designator=R25(RES400)
Added Component: Designator=R26(RES400)
Added Component: Designator=R27(RES400)
Added Component: Designator=R28(RES400)
Added Component: Designator=R29(RES400)
Added Component: Designator=R30(RES400)
Added Component: Designator=R31(RES400)
Added Component: Designator=R32(RES400)
Added Component: Designator=R33(RES400)
Added Component: Designator=R34(RES400)
Added Component: Designator=R35(RES400)
Added Component: Designator=R36(RES400)
Added Component: Designator=R37(RES400)
Added Component: Designator=R38(RES400)
Added Component: Designator=R39(RES400)
Added Component: Designator=R40(RES400)
Added Component: Designator=R41(RES400)
Added Component: Designator=R42(RES400)
Added Component: Designator=R43(RES400)
Added Component: Designator=R44(RES400)
Added Component: Designator=R45(RES400)
Added Component: Designator=R46(RES400)
Added Component: Designator=R47(RES400)
Added Component: Designator=R48(RES400)
Added Component: Designator=R49(RES400)
Added Component: Designator=R50(RES400)
Added Component: Designator=R51(RES400)
Added Component: Designator=R52(RES400)
Added Component: Designator=R53(RES400)
Added Component: Designator=R54(POTENCIOMETRO)
Added Component: Designator=R55(PRESET H)
Added Component: Designator=R56(POTENCIOMETRO)
Added Pin To Net: NetName=NetC1_1 Pin=C1-1
Added Pin To Net: NetName=NetC1_2 Pin=C1-2
Added Pin To Net: NetName=NetC2_1 Pin=C2-1
Added Pin To Net: NetName=NetC2_2 Pin=C2-2
Added Pin To Net: NetName=sgn_faa Pin=C3-2
Added Pin To Net: NetName=GND Pin=C4-1
Added Pin To Net: NetName=NetC4_2 Pin=C4-2
Added Pin To Net: NetName=GND Pin=C5-2
Added Pin To Net: NetName=GND Pin=C6-2
Added Pin To Net: NetName=GND Pin=C7-2
Added Pin To Net: NetName=GND Pin=C8-2
Added Pin To Net: NetName=NetC9_1 Pin=C9-1
Added Pin To Net: NetName=NetC9_2 Pin=C9-2
Added Pin To Net: NetName=NetC10_1 Pin=C10-1
Added Pin To Net: NetName=NetC10_2 Pin=C10-2
Added Pin To Net: NetName=sgn_recup Pin=C11-2
Added Pin To Net: NetName=GND Pin=C12-2
Added Pin To Net: NetName=GND Pin=C13-2
Added Pin To Net: NetName=GND Pin=C14-1
Added Pin To Net: NetName=NetC14_2 Pin=C14-2
Added Pin To Net: NetName=NetC2_2 Pin=R2-1
Added Pin To Net: NetName=NetC4_2 Pin=R2-2
Added Pin To Net: NetName=sgn_in Pin=R4-1
Added Pin To Net: NetName=NetC1_1 Pin=R5-1
Added Pin To Net: NetName=NetC1_1 Pin=R6-2
Added Pin To Net: NetName=NetC2_2 Pin=R7-1
Added Pin To Net: NetName=NetC4_2 Pin=R7-2
Added Pin To Net: NetName=NetC1_2 Pin=R9-1
Added Pin To Net: NetName=NetC2_2 Pin=R9-2
Added Pin To Net: NetName=NetC2_1 Pin=R10-2
Added Pin To Net: NetName=NetC1_1 Pin=R11-1
Added Pin To Net: NetName=NetC1_1 Pin=R12-2
Added Pin To Net: NetName=GND Pin=R14-1
Added Pin To Net: NetName=NetC1_2 Pin=R15-1
Added Pin To Net: NetName=NetC2_2 Pin=R15-2
Added Pin To Net: NetName=NetC2_1 Pin=R16-2
Added Pin To Net: NetName=NetC1_2 Pin=R17-1
Added Pin To Net: NetName=NetC2_1 Pin=R18-1
Added Pin To Net: NetName=sgn_faa Pin=R19-2
Added Pin To Net: NetName=+5 Pin=R20-1
Added Pin To Net: NetName=CLK Pin=R20-2
Added Pin To Net: NetName=GND Pin=R21-2
Added Pin To Net: NetName=GND Pin=R22-1
Added Pin To Net: NetName=+5 Pin=R23-2
Added Pin To Net: NetName=GND Pin=R24-2
Added Pin To Net: NetName=GND Pin=R25-2
Added Pin To Net: NetName=NetC1_2 Pin=R26-1
Added Pin To Net: NetName=NetC2_1 Pin=R27-1
Added Pin To Net: NetName=NetR28_2 Pin=R28-2
Added Pin To Net: NetName=GND Pin=R29-1
Added Pin To Net: NetName=sgn_nat Pin=R30-1
Added Pin To Net: NetName=NetR30_2 Pin=R30-2
Added Pin To Net: NetName=NetC10_2 Pin=R31-1
Added Pin To Net: NetName=NetC14_2 Pin=R31-2
Added Pin To Net: NetName=sgn_nat Pin=R33-1
Added Pin To Net: NetName=NetR30_2 Pin=R33-2
Added Pin To Net: NetName=NetC9_1 Pin=R34-1
Added Pin To Net: NetName=NetC9_1 Pin=R35-2
Added Pin To Net: NetName=NetC10_2 Pin=R36-1
Added Pin To Net: NetName=NetC14_2 Pin=R36-2
Added Pin To Net: NetName=NetC10_1 Pin=R38-2
Added Pin To Net: NetName=NetC9_2 Pin=R39-1
Added Pin To Net: NetName=NetC10_2 Pin=R39-2
Added Pin To Net: NetName=NetC9_1 Pin=R40-1
Added Pin To Net: NetName=NetC9_1 Pin=R41-2
Added Pin To Net: NetName=GND Pin=R42-1
Added Pin To Net: NetName=NetR30_2 Pin=R42-2
Added Pin To Net: NetName=NetC9_2 Pin=R43-1
Added Pin To Net: NetName=NetC10_2 Pin=R43-2
Added Pin To Net: NetName=NetC10_1 Pin=R44-2
Added Pin To Net: NetName=NetC9_2 Pin=R45-2
Added Pin To Net: NetName=NetC10_1 Pin=R46-1
Added Pin To Net: NetName=sgn_recup Pin=R47-2
Added Pin To Net: NetName=GND Pin=R48-2
Added Pin To Net: NetName=GND Pin=R49-1
Added Pin To Net: NetName=GND Pin=R50-2
Added Pin To Net: NetName=GND Pin=R51-2
Added Pin To Net: NetName=NetC9_2 Pin=R52-2
Added Pin To Net: NetName=NetC10_1 Pin=R53-1
Added Pin To Net: NetName=NetR28_2 Pin=R54-2
Added Pin To Net: NetName=NetR28_2 Pin=R54-3
Added Pin To Net: NetName=GND Pin=R55-1
Added Pin To Net: NetName=GND Pin=R55-1
Added Pin To Net: NetName=+5 Pin=R55-3
Added Pin To Net: NetName=+5 Pin=R55-3
Added Pin To Net: NetName=-5 Pin=R56-1
Added Pin To Net: NetName=NetC1_2 Pin=U1-7
Added Pin To Net: NetName=NetC4_2 Pin=U2-3
Added Pin To Net: NetName=NetR28_2 Pin=U7-1
Added Pin To Net: NetName=NetR30_2 Pin=U8-3
Added Pin To Net: NetName=NetC9_2 Pin=U8-7
Added Pin To Net: NetName=NetC14_2 Pin=U9-3
Added Pin To Net: NetName=NetC3_1 Pin=C3-1
Added Pin To Net: NetName=NetC3_1 Pin=R3-2
Added Pin To Net: NetName=NetC3_1 Pin=R8-2
Added Pin To Net: NetName=NetC3_1 Pin=R10-1
Added Pin To Net: NetName=NetC3_1 Pin=R16-1
Added Net: Name=NetC3_1
Added Pin To Net: NetName=NetC5_1 Pin=C5-1
Added Pin To Net: NetName=NetC5_1 Pin=R3-1
Added Pin To Net: NetName=NetC5_1 Pin=R8-1
Added Pin To Net: NetName=NetC5_1 Pin=U2-5
Added Net: Name=NetC5_1
Added Pin To Net: NetName=NetC6_1 Pin=C6-1
Added Pin To Net: NetName=NetC6_1 Pin=R6-1
Added Pin To Net: NetName=NetC6_1 Pin=R12-1
Added Pin To Net: NetName=NetC6_1 Pin=U1-5
Added Net: Name=NetC6_1
Added Pin To Net: NetName=NetC7_1 Pin=C7-1
Added Pin To Net: NetName=NetC7_1 Pin=U4-6
Added Net: Name=NetC7_1
Added Pin To Net: NetName=NetC8_1 Pin=C8-1
Added Pin To Net: NetName=NetC8_1 Pin=R13-2
Added Pin To Net: NetName=NetC8_1 Pin=U6-3
Added Pin To Net: NetName=NetC8_1 Pin=U7-2
Added Net: Name=NetC8_1
Added Pin To Net: NetName=NetC11_1 Pin=C11-1
Added Pin To Net: NetName=NetC11_1 Pin=R32-2
Added Pin To Net: NetName=NetC11_1 Pin=R37-2
Added Pin To Net: NetName=NetC11_1 Pin=R38-1
Added Pin To Net: NetName=NetC11_1 Pin=R44-1
Added Net: Name=NetC11_1
Added Pin To Net: NetName=NetC12_1 Pin=C12-1
Added Pin To Net: NetName=NetC12_1 Pin=R35-1
Added Pin To Net: NetName=NetC12_1 Pin=R41-1
Added Pin To Net: NetName=NetC12_1 Pin=U8-5
Added Net: Name=NetC12_1
Added Pin To Net: NetName=NetC13_1 Pin=C13-1
Added Pin To Net: NetName=NetC13_1 Pin=R32-1
Added Pin To Net: NetName=NetC13_1 Pin=R37-1
Added Pin To Net: NetName=NetC13_1 Pin=U9-5
Added Net: Name=NetC13_1
Added Pin To Net: NetName=NetR1_2 Pin=R1-2
Added Pin To Net: NetName=NetR1_2 Pin=R4-2
Added Pin To Net: NetName=NetR1_2 Pin=R14-2
Added Pin To Net: NetName=NetR1_2 Pin=U1-3
Added Net: Name=NetR1_2
Added Pin To Net: NetName=NetR5_2 Pin=R5-2
Added Pin To Net: NetName=NetR5_2 Pin=R11-2
Added Pin To Net: NetName=NetR5_2 Pin=U1-1
Added Pin To Net: NetName=NetR5_2 Pin=U1-2
Added Net: Name=NetR5_2
Added Pin To Net: NetName=NetR13_1 Pin=R13-1
Added Pin To Net: NetName=NetR13_1 Pin=R54-1
Added Net: Name=NetR13_1
Added Pin To Net: NetName=NetR17_2 Pin=R17-2
Added Pin To Net: NetName=NetR17_2 Pin=R21-1
Added Pin To Net: NetName=NetR17_2 Pin=R26-2
Added Pin To Net: NetName=NetR17_2 Pin=U1-6
Added Net: Name=NetR17_2
Added Pin To Net: NetName=NetR18_2 Pin=R18-2
Added Pin To Net: NetName=NetR18_2 Pin=R22-2
Added Pin To Net: NetName=NetR18_2 Pin=R27-2
Added Pin To Net: NetName=NetR18_2 Pin=U2-2
Added Net: Name=NetR18_2
Added Pin To Net: NetName=NetR19_1 Pin=R19-1
Added Pin To Net: NetName=NetR19_1 Pin=R24-1
Added Pin To Net: NetName=NetR19_1 Pin=R25-1
Added Pin To Net: NetName=NetR19_1 Pin=U2-6
Added Net: Name=NetR19_1
Added Pin To Net: NetName=NetR23_1 Pin=R23-1
Added Pin To Net: NetName=NetR23_1 Pin=R56-2
Added Pin To Net: NetName=NetR23_1 Pin=R56-3
Added Pin To Net: NetName=NetR23_1 Pin=U6-2
Added Net: Name=NetR23_1
Added Pin To Net: NetName=NetR28_1 Pin=R28-1
Added Pin To Net: NetName=NetR28_1 Pin=R29-2
Added Pin To Net: NetName=NetR28_1 Pin=U7-3
Added Net: Name=NetR28_1
Added Pin To Net: NetName=NetR34_2 Pin=R34-2
Added Pin To Net: NetName=NetR34_2 Pin=R40-2
Added Pin To Net: NetName=NetR34_2 Pin=U8-1
Added Pin To Net: NetName=NetR34_2 Pin=U8-2
Added Net: Name=NetR34_2
Added Pin To Net: NetName=NetR45_1 Pin=R45-1
Added Pin To Net: NetName=NetR45_1 Pin=R48-1
Added Pin To Net: NetName=NetR45_1 Pin=R52-1
Added Pin To Net: NetName=NetR45_1 Pin=U8-6
Added Net: Name=NetR45_1
Added Pin To Net: NetName=NetR46_2 Pin=R46-2
Added Pin To Net: NetName=NetR46_2 Pin=R49-2
Added Pin To Net: NetName=NetR46_2 Pin=R53-2
Added Pin To Net: NetName=NetR46_2 Pin=U9-2
Added Net: Name=NetR46_2
Added Pin To Net: NetName=NetR47_1 Pin=R47-1
Added Pin To Net: NetName=NetR47_1 Pin=R50-1
Added Pin To Net: NetName=NetR47_1 Pin=R51-1
Added Pin To Net: NetName=NetR47_1 Pin=U9-6
Added Net: Name=NetR47_1
Added Pin To Net: NetName=NetR55_2 Pin=R55-2
Added Pin To Net: NetName=NetR55_2 Pin=R55-2
Added Pin To Net: NetName=NetR55_2 Pin=U4-2
Added Net: Name=NetR55_2
Added Member To Class: ClassName=PCB_tp1 Member=Component C1 CAP
Added Member To Class: ClassName=PCB_tp1 Member=Component C2 CAP
Added Member To Class: ClassName=PCB_tp1 Member=Component C3 CAP
Added Member To Class: ClassName=PCB_tp1 Member=Component C4 CAP
Added Member To Class: ClassName=PCB_tp1 Member=Component C5 CAP
Added Member To Class: ClassName=PCB_tp1 Member=Component C6 CAP
Added Member To Class: ClassName=PCB_tp1 Member=Component C7 CAP
Added Member To Class: ClassName=PCB_tp1 Member=Component C8 CAP
Added Member To Class: ClassName=PCB_tp1 Member=Component C9 CAP
Added Member To Class: ClassName=PCB_tp1 Member=Component C10 CAP
Added Member To Class: ClassName=PCB_tp1 Member=Component C11 CAP
Added Member To Class: ClassName=PCB_tp1 Member=Component C12 CAP
Added Member To Class: ClassName=PCB_tp1 Member=Component C13 CAP
Added Member To Class: ClassName=PCB_tp1 Member=Component C14 CAP
Added Member To Class: ClassName=PCB_tp1 Member=Component R2 RES
Added Member To Class: ClassName=PCB_tp1 Member=Component R3 RES
Added Member To Class: ClassName=PCB_tp1 Member=Component R4 RES
Added Member To Class: ClassName=PCB_tp1 Member=Component R5 RES
Added Member To Class: ClassName=PCB_tp1 Member=Component R6 RES
Added Member To Class: ClassName=PCB_tp1 Member=Component R7 RES
Added Member To Class: ClassName=PCB_tp1 Member=Component R8 RES
Added Member To Class: ClassName=PCB_tp1 Member=Component R9 RES
Added Member To Class: ClassName=PCB_tp1 Member=Component R10 RES
Added Member To Class: ClassName=PCB_tp1 Member=Component R11 RES
Added Member To Class: ClassName=PCB_tp1 Member=Component R12 RES
Added Member To Class: ClassName=PCB_tp1 Member=Component R13 RES
Added Member To Class: ClassName=PCB_tp1 Member=Component R14 1k
Added Member To Class: ClassName=PCB_tp1 Member=Component R15 RES
Added Member To Class: ClassName=PCB_tp1 Member=Component R16 RES
Added Member To Class: ClassName=PCB_tp1 Member=Component R17 RES
Added Member To Class: ClassName=PCB_tp1 Member=Component R18 RES
Added Member To Class: ClassName=PCB_tp1 Member=Component R19 RES
Added Member To Class: ClassName=PCB_tp1 Member=Component R20 RES
Added Member To Class: ClassName=PCB_tp1 Member=Component R21 RES
Added Member To Class: ClassName=PCB_tp1 Member=Component R22 RES
Added Member To Class: ClassName=PCB_tp1 Member=Component R23 RES
Added Member To Class: ClassName=PCB_tp1 Member=Component R24 RES
Added Member To Class: ClassName=PCB_tp1 Member=Component R25 RES
Added Member To Class: ClassName=PCB_tp1 Member=Component R26 RES
Added Member To Class: ClassName=PCB_tp1 Member=Component R27 RES
Added Member To Class: ClassName=PCB_tp1 Member=Component R28 RES
Added Member To Class: ClassName=PCB_tp1 Member=Component R29 RES
Added Member To Class: ClassName=PCB_tp1 Member=Component R30 RES
Added Member To Class: ClassName=PCB_tp1 Member=Component R31 RES
Added Member To Class: ClassName=PCB_tp1 Member=Component R32 RES
Added Member To Class: ClassName=PCB_tp1 Member=Component R33 RES
Added Member To Class: ClassName=PCB_tp1 Member=Component R34 RES
Added Member To Class: ClassName=PCB_tp1 Member=Component R35 RES
Added Member To Class: ClassName=PCB_tp1 Member=Component R36 RES
Added Member To Class: ClassName=PCB_tp1 Member=Component R37 RES
Added Member To Class: ClassName=PCB_tp1 Member=Component R38 RES
Added Member To Class: ClassName=PCB_tp1 Member=Component R39 RES
Added Member To Class: ClassName=PCB_tp1 Member=Component R40 RES
Added Member To Class: ClassName=PCB_tp1 Member=Component R41 RES
Added Member To Class: ClassName=PCB_tp1 Member=Component R42 RES
Added Member To Class: ClassName=PCB_tp1 Member=Component R43 RES
Added Member To Class: ClassName=PCB_tp1 Member=Component R44 RES
Added Member To Class: ClassName=PCB_tp1 Member=Component R45 RES
Added Member To Class: ClassName=PCB_tp1 Member=Component R46 RES
Added Member To Class: ClassName=PCB_tp1 Member=Component R47 RES
Added Member To Class: ClassName=PCB_tp1 Member=Component R48 RES
Added Member To Class: ClassName=PCB_tp1 Member=Component R49 RES
Added Member To Class: ClassName=PCB_tp1 Member=Component R50 RES
Added Member To Class: ClassName=PCB_tp1 Member=Component R51 RES
Added Member To Class: ClassName=PCB_tp1 Member=Component R52 RES
Added Member To Class: ClassName=PCB_tp1 Member=Component R53 RES
Added Member To Class: ClassName=PCB_tp1 Member=Component R54 POTENCIOMETRO
Added Member To Class: ClassName=PCB_tp1 Member=Component R55 PRESET
Added Member To Class: ClassName=PCB_tp1 Member=Component R56 POTENCIOMETRO
