Removed Pin From Net: NetName=GND Pin=U6-1
Add Pin To Net: Unknown Pin: Pin C1-1
Add Pin To Net: Unknown Pin: Pin C1-2
Add Pin To Net: Unknown Pin: Pin C2-1
Add Pin To Net: Unknown Pin: Pin C2-2
Add Pin To Net: Unknown Pin: Pin C3-1
Add Pin To Net: Unknown Pin: Pin C3-2
Add Pin To Net: Unknown Pin: Pin C4-1
Add Pin To Net: Unknown Pin: Pin C4-2
Add Pin To Net: Unknown Pin: Pin C5-1
Add Pin To Net: Unknown Pin: Pin C5-2
Add Pin To Net: Unknown Pin: Pin C6-1
Add Pin To Net: Unknown Pin: Pin C6-2
Add Pin To Net: Unknown Pin: Pin C7-1
Add Pin To Net: Unknown Pin: Pin C7-2
Add Pin To Net: Unknown Pin: Pin C8-1
Add Pin To Net: Unknown Pin: Pin C8-2
Add Pin To Net: Unknown Pin: Pin C9-1
Add Pin To Net: Unknown Pin: Pin C9-2
Add Pin To Net: Unknown Pin: Pin C10-1
Add Pin To Net: Unknown Pin: Pin C10-2
Add Pin To Net: Unknown Pin: Pin C11-1
Add Pin To Net: Unknown Pin: Pin C11-2
Add Pin To Net: Unknown Pin: Pin C12-1
Add Pin To Net: Unknown Pin: Pin C12-2
Add Pin To Net: Unknown Pin: Pin C13-1
Add Pin To Net: Unknown Pin: Pin C13-2
Add Pin To Net: Unknown Pin: Pin C14-1
Add Pin To Net: Unknown Pin: Pin C14-2
Add Pin To Net: Unknown Pin: Pin R1-1
Add Pin To Net: Unknown Pin: Pin R1-2
Add Pin To Net: Unknown Pin: Pin R2-1
Add Pin To Net: Unknown Pin: Pin R2-2
Add Pin To Net: Unknown Pin: Pin R3-1
Add Pin To Net: Unknown Pin: Pin R3-2
Add Pin To Net: Unknown Pin: Pin R4-1
Add Pin To Net: Unknown Pin: Pin R4-2
Add Pin To Net: Unknown Pin: Pin R5-1
Add Pin To Net: Unknown Pin: Pin R5-2
Add Pin To Net: Unknown Pin: Pin R6-1
Add Pin To Net: Unknown Pin: Pin R6-2
Add Pin To Net: Unknown Pin: Pin R7-1
Add Pin To Net: Unknown Pin: Pin R7-2
Add Pin To Net: Unknown Pin: Pin R8-1
Add Pin To Net: Unknown Pin: Pin R8-2
Add Pin To Net: Unknown Pin: Pin R9-1
Add Pin To Net: Unknown Pin: Pin R9-2
Add Pin To Net: Unknown Pin: Pin R10-1
Add Pin To Net: Unknown Pin: Pin R10-2
Add Pin To Net: Unknown Pin: Pin R11-1
Add Pin To Net: Unknown Pin: Pin R11-2
Add Pin To Net: Unknown Pin: Pin R12-1
Add Pin To Net: Unknown Pin: Pin R12-2
Add Pin To Net: Unknown Pin: Pin R13-1
Add Pin To Net: Unknown Pin: Pin R13-2
Add Pin To Net: Unknown Pin: Pin R14-1
Add Pin To Net: Unknown Pin: Pin R14-2
Add Pin To Net: Unknown Pin: Pin R15-1
Add Pin To Net: Unknown Pin: Pin R15-2
Add Pin To Net: Unknown Pin: Pin R16-1
Add Pin To Net: Unknown Pin: Pin R16-2
Add Pin To Net: Unknown Pin: Pin R17-1
Add Pin To Net: Unknown Pin: Pin R17-2
Add Pin To Net: Unknown Pin: Pin R18-1
Add Pin To Net: Unknown Pin: Pin R18-2
Add Pin To Net: Unknown Pin: Pin R19-1
Add Pin To Net: Unknown Pin: Pin R19-2
Add Pin To Net: Unknown Pin: Pin R20-1
Add Pin To Net: Unknown Pin: Pin R20-2
Add Pin To Net: Unknown Pin: Pin R21-1
Add Pin To Net: Unknown Pin: Pin R21-2
Add Pin To Net: Unknown Pin: Pin R22-1
Add Pin To Net: Unknown Pin: Pin R22-2
Add Pin To Net: Unknown Pin: Pin R23-1
Add Pin To Net: Unknown Pin: Pin R23-2
Add Pin To Net: Unknown Pin: Pin R24-1
Add Pin To Net: Unknown Pin: Pin R24-2
Add Pin To Net: Unknown Pin: Pin R25-1
Add Pin To Net: Unknown Pin: Pin R25-2
Add Pin To Net: Unknown Pin: Pin R26-1
Add Pin To Net: Unknown Pin: Pin R26-2
Add Pin To Net: Unknown Pin: Pin R27-1
Add Pin To Net: Unknown Pin: Pin R27-2
Add Pin To Net: Unknown Pin: Pin R28-1
Add Pin To Net: Unknown Pin: Pin R28-2
Add Pin To Net: Unknown Pin: Pin R29-1
Add Pin To Net: Unknown Pin: Pin R29-2
Add Pin To Net: Unknown Pin: Pin R30-1
Add Pin To Net: Unknown Pin: Pin R30-2
Add Pin To Net: Unknown Pin: Pin R31-1
Add Pin To Net: Unknown Pin: Pin R31-2
Add Pin To Net: Unknown Pin: Pin R32-1
Add Pin To Net: Unknown Pin: Pin R32-2
Add Pin To Net: Unknown Pin: Pin R33-1
Add Pin To Net: Unknown Pin: Pin R33-2
Add Pin To Net: Unknown Pin: Pin R34-1
Add Pin To Net: Unknown Pin: Pin R34-2
Add Pin To Net: Unknown Pin: Pin R35-1
Add Pin To Net: Unknown Pin: Pin R35-2
Add Pin To Net: Unknown Pin: Pin R36-1
Add Pin To Net: Unknown Pin: Pin R36-2
Add Pin To Net: Unknown Pin: Pin R37-1
Add Pin To Net: Unknown Pin: Pin R37-2
Add Pin To Net: Unknown Pin: Pin R38-1
Add Pin To Net: Unknown Pin: Pin R38-2
Add Pin To Net: Unknown Pin: Pin R39-1
Add Pin To Net: Unknown Pin: Pin R39-2
Add Pin To Net: Unknown Pin: Pin R40-1
Add Pin To Net: Unknown Pin: Pin R40-2
Add Pin To Net: Unknown Pin: Pin R41-1
Add Pin To Net: Unknown Pin: Pin R41-2
Add Pin To Net: Unknown Pin: Pin R42-1
Add Pin To Net: Unknown Pin: Pin R42-2
Add Pin To Net: Unknown Pin: Pin R43-1
Add Pin To Net: Unknown Pin: Pin R43-2
Add Pin To Net: Unknown Pin: Pin R44-1
Add Pin To Net: Unknown Pin: Pin R44-2
Add Pin To Net: Unknown Pin: Pin R45-1
Add Pin To Net: Unknown Pin: Pin R45-2
Add Pin To Net: Unknown Pin: Pin R46-1
Add Pin To Net: Unknown Pin: Pin R46-2
Add Pin To Net: Unknown Pin: Pin R47-1
Add Pin To Net: Unknown Pin: Pin R47-2
Add Pin To Net: Unknown Pin: Pin R48-1
Add Pin To Net: Unknown Pin: Pin R48-2
Add Pin To Net: Unknown Pin: Pin R49-1
Add Pin To Net: Unknown Pin: Pin R49-2
Add Pin To Net: Unknown Pin: Pin R50-1
Add Pin To Net: Unknown Pin: Pin R50-2
Add Pin To Net: Unknown Pin: Pin R51-1
Add Pin To Net: Unknown Pin: Pin R51-2
Add Pin To Net: Unknown Pin: Pin R52-1
Add Pin To Net: Unknown Pin: Pin R52-2
Add Pin To Net: Unknown Pin: Pin R53-1
Add Pin To Net: Unknown Pin: Pin R53-2
Add Pin To Net: Unknown Pin: Pin R54-1
Add Pin To Net: Unknown Pin: Pin R54-2
Add Pin To Net: Unknown Pin: Pin R55-1
Add Pin To Net: Unknown Pin: Pin R55-2
Add Pin To Net: Unknown Pin: Pin R56-1
Add Pin To Net: Unknown Pin: Pin R56-2
Add Pin To Net: Unknown Pin: Pin R57-1
Add Pin To Net: Unknown Pin: Pin R57-2
Add Pin To Net: Unknown Pin: Pin R58-1
Add Pin To Net: Unknown Pin: Pin R58-2
Add Pin To Net: Unknown Pin: Pin R59-1
Add Pin To Net: Unknown Pin: Pin R59-2
Add Pin To Net: Unknown Pin: Pin R69-1
Add Pin To Net: Unknown Pin: Pin R69-2
Add Pin To Net: Unknown Pin: Pin R70-1
Add Pin To Net: Unknown Pin: Pin R70-2
Add Pin To Net: Unknown Pin: Pin X1-1
Add Pin To Net: Unknown Pin: Pin X1-2
Add Pin To Net: Unknown Pin: Pin X1-3
Add Pin To Net: Unknown Pin: Pin X2-1
Add Pin To Net: Unknown Pin: Pin X2-2
Add Pin To Net: Unknown Pin: Pin X2-3
Add Pin To Net: Unknown Pin: Pin X3-1
Add Pin To Net: Unknown Pin: Pin X3-2
Add Pin To Net: Unknown Pin: Pin X3-3
Add Class Member: Failed to add class member : Component C1 Capacitor
Add Class Member: Failed to add class member : Component C2 Capacitor
Add Class Member: Failed to add class member : Component C3 Capacitor
Add Class Member: Failed to add class member : Component C4 Capacitor
Add Class Member: Failed to add class member : Component C5 Capacitor
Add Class Member: Failed to add class member : Component C6 Capacitor
Add Class Member: Failed to add class member : Component C7 Capacitor
Add Class Member: Failed to add class member : Component C8 Capacitor
Add Class Member: Failed to add class member : Component C9 Capacitor
Add Class Member: Failed to add class member : Component C10 Capacitor
Add Class Member: Failed to add class member : Component C11 Capacitor
Add Class Member: Failed to add class member : Component C12 Capacitor
Add Class Member: Failed to add class member : Component C13 Capacitor
Add Class Member: Failed to add class member : Component C14 Capacitor
Add Class Member: Failed to add class member : Component R1 Resistor
Add Class Member: Failed to add class member : Component R2 Resistor
Add Class Member: Failed to add class member : Component R3 Resistor
Add Class Member: Failed to add class member : Component R4 Resistor
Add Class Member: Failed to add class member : Component R5 Resistor
Add Class Member: Failed to add class member : Component R6 Resistor
Add Class Member: Failed to add class member : Component R7 Resistor
Add Class Member: Failed to add class member : Component R8 Resistor
Add Class Member: Failed to add class member : Component R9 Resistor
Add Class Member: Failed to add class member : Component R10 Resistor
Add Class Member: Failed to add class member : Component R11 Resistor
Add Class Member: Failed to add class member : Component R12 Resistor
Add Class Member: Failed to add class member : Component R13 Resistor
Add Class Member: Failed to add class member : Component R14 Resistor
Add Class Member: Failed to add class member : Component R15 Resistor
Add Class Member: Failed to add class member : Component R16 Resistor
Add Class Member: Failed to add class member : Component R17 Resistor
Add Class Member: Failed to add class member : Component R18 Resistor
Add Class Member: Failed to add class member : Component R19 Resistor
Add Class Member: Failed to add class member : Component R20 Resistor
Add Class Member: Failed to add class member : Component R21 Resistor
Add Class Member: Failed to add class member : Component R22 Resistor
Add Class Member: Failed to add class member : Component R23 Resistor
Add Class Member: Failed to add class member : Component R24 Resistor
Add Class Member: Failed to add class member : Component R25 Resistor
Add Class Member: Failed to add class member : Component R26 Resistor
Add Class Member: Failed to add class member : Component R27 Resistor
Add Class Member: Failed to add class member : Component R28 Resistor
Add Class Member: Failed to add class member : Component R29 Resistor
Add Class Member: Failed to add class member : Component R30 Resistor
Add Class Member: Failed to add class member : Component R31 Resistor
Add Class Member: Failed to add class member : Component R32 Resistor
Add Class Member: Failed to add class member : Component R33 Resistor
Add Class Member: Failed to add class member : Component R34 Resistor
Add Class Member: Failed to add class member : Component R35 Resistor
Add Class Member: Failed to add class member : Component R36 Resistor
Add Class Member: Failed to add class member : Component R37 Resistor
Add Class Member: Failed to add class member : Component R38 Resistor
Add Class Member: Failed to add class member : Component R39 Resistor
Add Class Member: Failed to add class member : Component R40 Resistor
Add Class Member: Failed to add class member : Component R41 Resistor
Add Class Member: Failed to add class member : Component R42 Resistor
Add Class Member: Failed to add class member : Component R43 Resistor
Add Class Member: Failed to add class member : Component R44 Resistor
Add Class Member: Failed to add class member : Component R45 Resistor
Add Class Member: Failed to add class member : Component R46 Resistor
Add Class Member: Failed to add class member : Component R47 Resistor
Add Class Member: Failed to add class member : Component R48 Resistor
Add Class Member: Failed to add class member : Component R49 Resistor
Add Class Member: Failed to add class member : Component R50 Resistor
Add Class Member: Failed to add class member : Component R51 Resistor
Add Class Member: Failed to add class member : Component R52 Resistor
Add Class Member: Failed to add class member : Component R53 Resistor
Add Class Member: Failed to add class member : Component R54 Resistor
Add Class Member: Failed to add class member : Component R55 Resistor
Add Class Member: Failed to add class member : Component R56 Resistor
Add Class Member: Failed to add class member : Component R57 Resistor
Add Class Member: Failed to add class member : Component R58 Resistor
Add Class Member: Failed to add class member : Component R59 Resistor
Add Class Member: Failed to add class member : Component R69 Resistor
Add Class Member: Failed to add class member : Component R70 Resistor
Add Class Member: Failed to add class member : Component X1 Potentiometer
Add Class Member: Failed to add class member : Component X2 Potentiometer
Add Class Member: Failed to add class member : Component X3 Potentiometer
